<?xml version="1.0" encoding="UTF-8"?>
<!-- Generated by org.testng.reporters.JUnitReportReporter -->
<testsuite skipped="0" hostname="vnikolic" name="testcases.TC_001" tests="1" failures="0" timestamp="25 Jan 2019 10:07:26 GMT" time="11.622" errors="0">
  <testcase name="tcase1" time="11.622" classname="testcases.TC_001"/>
</testsuite> <!-- testcases.TC_001 -->
